<?xml version="1.0" encoding="UTF-8"?>
<!-- Generated by org.testng.reporters.JUnitReportReporter -->
<testsuite hostname="DESKTOP-B0D0J2Q" failures="0" tests="11" name="TestNGDAO.TestDonHangDAO" time="0.444" errors="2" timestamp="2024-04-07T00:13:24 ICT" skipped="0">
  <testcase classname="TestNGDAO.TestDonHangDAO" name="testDeleteWithEmptyModel" time="0.047"/>
  <system-out/>
  <testcase classname="TestNGDAO.TestDonHangDAO" name="testUpdateWithValidModel" time="0.041"/>
  <system-out/>
  <testcase classname="TestNGDAO.TestDonHangDAO" name="testDeleteWithNullModel" time="0.033"/>
  <system-out/>
  <testcase classname="TestNGDAO.TestDonHangDAO" name="testSelectAll" time="0.037"/>
  <system-out/>
  <testcase classname="TestNGDAO.TestDonHangDAO" name="testInsertWithEmptyModel" time="0.041">
    <error message="com.microsoft.sqlserver.jdbc.SQLServerException: Cannot insert the value NULL into column &#039;MaKH&#039;, table &#039;QLShop.dbo.DonHang&#039;; column does not allow nulls. INSERT fails." type="java.lang.RuntimeException">
      <![CDATA[java.lang.RuntimeException: com.microsoft.sqlserver.jdbc.SQLServerException: Cannot insert the value NULL into column 'MaKH', table 'QLShop.dbo.DonHang'; column does not allow nulls. INSERT fails.
at com.fsm.utils.jdbcHelper.Update(jdbcHelper.java:51)
at ShopQuanLyAoQuan.dao.DonHangDAO.insert(DonHangDAO.java:31)
at TestNGDAO.TestDonHangDAO.testInsertWithEmptyModel(TestDonHangDAO.java:46)
at java.base/jdk.internal.reflect.DirectMethodHandleAccessor.invoke(DirectMethodHandleAccessor.java:103)
at java.base/java.lang.reflect.Method.invoke(Method.java:580)
at org.testng.internal.MethodInvocationHelper.invokeMethod(MethodInvocationHelper.java:133)
at org.testng.internal.TestInvoker.invokeMethod(TestInvoker.java:598)
at org.testng.internal.TestInvoker.invokeTestMethod(TestInvoker.java:173)
at org.testng.internal.MethodRunner.runInSequence(MethodRunner.java:46)
at org.testng.internal.TestInvoker$MethodInvocationAgent.invoke(TestInvoker.java:824)
at org.testng.internal.TestInvoker.invokeTestMethods(TestInvoker.java:146)
at org.testng.internal.TestMethodWorker.invokeTestMethods(TestMethodWorker.java:146)
at org.testng.internal.TestMethodWorker.run(TestMethodWorker.java:128)
at java.base/java.util.ArrayList.forEach(ArrayList.java:1596)
at org.testng.TestRunner.privateRun(TestRunner.java:794)
at org.testng.TestRunner.run(TestRunner.java:596)
at org.testng.SuiteRunner.runTest(SuiteRunner.java:377)
at org.testng.SuiteRunner.runSequentially(SuiteRunner.java:371)
at org.testng.SuiteRunner.privateRun(SuiteRunner.java:332)
at org.testng.SuiteRunner.run(SuiteRunner.java:276)
at org.testng.SuiteRunnerWorker.runSuite(SuiteRunnerWorker.java:53)
at org.testng.SuiteRunnerWorker.run(SuiteRunnerWorker.java:96)
at org.testng.TestNG.runSuitesSequentially(TestNG.java:1212)
at org.testng.TestNG.runSuitesLocally(TestNG.java:1134)
at org.testng.TestNG.runSuites(TestNG.java:1063)
at org.testng.TestNG.run(TestNG.java:1031)
at org.testng.remote.AbstractRemoteTestNG.run(AbstractRemoteTestNG.java:115)
at org.testng.remote.RemoteTestNG.initAndRun(RemoteTestNG.java:251)
at org.testng.remote.RemoteTestNG.main(RemoteTestNG.java:77)
Caused by: com.microsoft.sqlserver.jdbc.SQLServerException: Cannot insert the value NULL into column 'MaKH', table 'QLShop.dbo.DonHang'; column does not allow nulls. INSERT fails.
at com.microsoft.sqlserver.jdbc.SQLServerException.makeFromDatabaseError(SQLServerException.java:261)
at com.microsoft.sqlserver.jdbc.SQLServerStatement.getNextResult(SQLServerStatement.java:1752)
at com.microsoft.sqlserver.jdbc.SQLServerPreparedStatement.doExecutePreparedStatement(SQLServerPreparedStatement.java:675)
at com.microsoft.sqlserver.jdbc.SQLServerPreparedStatement$PrepStmtExecCmd.doExecute(SQLServerPreparedStatement.java:594)
at com.microsoft.sqlserver.jdbc.TDSCommand.execute(IOBuffer.java:7739)
at com.microsoft.sqlserver.jdbc.SQLServerConnection.executeCommand(SQLServerConnection.java:4384)
at com.microsoft.sqlserver.jdbc.SQLServerStatement.executeCommand(SQLServerStatement.java:293)
at com.microsoft.sqlserver.jdbc.SQLServerStatement.executeStatement(SQLServerStatement.java:263)
at com.microsoft.sqlserver.jdbc.SQLServerPreparedStatement.executeUpdate(SQLServerPreparedStatement.java:537)
at com.fsm.utils.jdbcHelper.Update(jdbcHelper.java:46)
... 28 more
]]>
    </error>
  </testcase> <!-- testInsertWithEmptyModel -->
  <system-out/>
  <testcase classname="TestNGDAO.TestDonHangDAO" name="testDeleteWithValidModel" time="0.039"/>
  <system-out/>
  <testcase classname="TestNGDAO.TestDonHangDAO" name="testUpdateWithNullModel" time="0.039"/>
  <system-out/>
  <testcase classname="TestNGDAO.TestDonHangDAO" name="testInsertWithValidModel" time="0.049"/>
  <system-out/>
  <testcase classname="TestNGDAO.TestDonHangDAO" name="testSelectById" time="0.031"/>
  <system-out/>
  <testcase classname="TestNGDAO.TestDonHangDAO" name="testInsertWithNullModel" time="0.050">
    <error message="com.microsoft.sqlserver.jdbc.SQLServerException: Cannot insert the value NULL into column &#039;MaDH&#039;, table &#039;QLShop.dbo.DonHang&#039;; column does not allow nulls. INSERT fails." type="java.lang.RuntimeException">
      <![CDATA[java.lang.RuntimeException: com.microsoft.sqlserver.jdbc.SQLServerException: Cannot insert the value NULL into column 'MaDH', table 'QLShop.dbo.DonHang'; column does not allow nulls. INSERT fails.
at com.fsm.utils.jdbcHelper.Update(jdbcHelper.java:51)
at ShopQuanLyAoQuan.dao.DonHangDAO.insert(DonHangDAO.java:31)
at TestNGDAO.TestDonHangDAO.testInsertWithNullModel(TestDonHangDAO.java:38)
at java.base/jdk.internal.reflect.DirectMethodHandleAccessor.invoke(DirectMethodHandleAccessor.java:103)
at java.base/java.lang.reflect.Method.invoke(Method.java:580)
at org.testng.internal.MethodInvocationHelper.invokeMethod(MethodInvocationHelper.java:133)
at org.testng.internal.TestInvoker.invokeMethod(TestInvoker.java:598)
at org.testng.internal.TestInvoker.invokeTestMethod(TestInvoker.java:173)
at org.testng.internal.MethodRunner.runInSequence(MethodRunner.java:46)
at org.testng.internal.TestInvoker$MethodInvocationAgent.invoke(TestInvoker.java:824)
at org.testng.internal.TestInvoker.invokeTestMethods(TestInvoker.java:146)
at org.testng.internal.TestMethodWorker.invokeTestMethods(TestMethodWorker.java:146)
at org.testng.internal.TestMethodWorker.run(TestMethodWorker.java:128)
at java.base/java.util.ArrayList.forEach(ArrayList.java:1596)
at org.testng.TestRunner.privateRun(TestRunner.java:794)
at org.testng.TestRunner.run(TestRunner.java:596)
at org.testng.SuiteRunner.runTest(SuiteRunner.java:377)
at org.testng.SuiteRunner.runSequentially(SuiteRunner.java:371)
at org.testng.SuiteRunner.privateRun(SuiteRunner.java:332)
at org.testng.SuiteRunner.run(SuiteRunner.java:276)
at org.testng.SuiteRunnerWorker.runSuite(SuiteRunnerWorker.java:53)
at org.testng.SuiteRunnerWorker.run(SuiteRunnerWorker.java:96)
at org.testng.TestNG.runSuitesSequentially(TestNG.java:1212)
at org.testng.TestNG.runSuitesLocally(TestNG.java:1134)
at org.testng.TestNG.runSuites(TestNG.java:1063)
at org.testng.TestNG.run(TestNG.java:1031)
at org.testng.remote.AbstractRemoteTestNG.run(AbstractRemoteTestNG.java:115)
at org.testng.remote.RemoteTestNG.initAndRun(RemoteTestNG.java:251)
at org.testng.remote.RemoteTestNG.main(RemoteTestNG.java:77)
Caused by: com.microsoft.sqlserver.jdbc.SQLServerException: Cannot insert the value NULL into column 'MaDH', table 'QLShop.dbo.DonHang'; column does not allow nulls. INSERT fails.
at com.microsoft.sqlserver.jdbc.SQLServerException.makeFromDatabaseError(SQLServerException.java:261)
at com.microsoft.sqlserver.jdbc.SQLServerStatement.getNextResult(SQLServerStatement.java:1752)
at com.microsoft.sqlserver.jdbc.SQLServerPreparedStatement.doExecutePreparedStatement(SQLServerPreparedStatement.java:675)
at com.microsoft.sqlserver.jdbc.SQLServerPreparedStatement$PrepStmtExecCmd.doExecute(SQLServerPreparedStatement.java:594)
at com.microsoft.sqlserver.jdbc.TDSCommand.execute(IOBuffer.java:7739)
at com.microsoft.sqlserver.jdbc.SQLServerConnection.executeCommand(SQLServerConnection.java:4384)
at com.microsoft.sqlserver.jdbc.SQLServerStatement.executeCommand(SQLServerStatement.java:293)
at com.microsoft.sqlserver.jdbc.SQLServerStatement.executeStatement(SQLServerStatement.java:263)
at com.microsoft.sqlserver.jdbc.SQLServerPreparedStatement.executeUpdate(SQLServerPreparedStatement.java:537)
at com.fsm.utils.jdbcHelper.Update(jdbcHelper.java:46)
... 28 more
]]>
    </error>
  </testcase> <!-- testInsertWithNullModel -->
  <system-out/>
  <testcase classname="TestNGDAO.TestDonHangDAO" name="testUpdateWithEmptyModel" time="0.037"/>
  <system-out/>
</testsuite> <!-- TestNGDAO.TestDonHangDAO -->
