<?xml version="1.0" encoding="UTF-8"?>
<!-- Generated by org.testng.reporters.JUnitReportReporter -->
<testsuite hostname="DESKTOP-B0D0J2Q" failures="0" tests="17" name="ShopQuanLyAoQuan.entity.test.DonHangChiTietTest" time="0.034" errors="0" timestamp="2024-04-07T00:13:24 ICT" skipped="0">
  <testcase classname="ShopQuanLyAoQuan.entity.test.DonHangChiTietTest" name="setDonGiaTestWithNegative" time="0.001"/>
  <system-out/>
  <testcase classname="ShopQuanLyAoQuan.entity.test.DonHangChiTietTest" name="setDonGiaTestWithZero" time="0.009"/>
  <system-out/>
  <testcase classname="ShopQuanLyAoQuan.entity.test.DonHangChiTietTest" name="setSoLuongTestWithNegative" time="0.001"/>
  <system-out/>
  <testcase classname="ShopQuanLyAoQuan.entity.test.DonHangChiTietTest" name="setMaDHCTTest" time="0.002"/>
  <system-out/>
  <testcase classname="ShopQuanLyAoQuan.entity.test.DonHangChiTietTest" name="getSoLuongTest" time="0.002"/>
  <system-out/>
  <testcase classname="ShopQuanLyAoQuan.entity.test.DonHangChiTietTest" name="setMaSPTest" time="0.001"/>
  <system-out/>
  <testcase classname="ShopQuanLyAoQuan.entity.test.DonHangChiTietTest" name="getMaDHCTTest" time="0.001"/>
  <system-out/>
  <testcase classname="ShopQuanLyAoQuan.entity.test.DonHangChiTietTest" name="getMaDHTest" time="0.002"/>
  <system-out/>
  <testcase classname="ShopQuanLyAoQuan.entity.test.DonHangChiTietTest" name="setGhiChuTest" time="0.001"/>
  <system-out/>
  <testcase classname="ShopQuanLyAoQuan.entity.test.DonHangChiTietTest" name="getDonGiaTest" time="0.003"/>
  <system-out/>
  <testcase classname="ShopQuanLyAoQuan.entity.test.DonHangChiTietTest" name="setDonGiaTestWithValid" time="0.002"/>
  <system-out/>
  <testcase classname="ShopQuanLyAoQuan.entity.test.DonHangChiTietTest" name="getMaSPTest" time="0.002"/>
  <system-out/>
  <testcase classname="ShopQuanLyAoQuan.entity.test.DonHangChiTietTest" name="getGhiChuTest" time="0.002"/>
  <system-out/>
  <testcase classname="ShopQuanLyAoQuan.entity.test.DonHangChiTietTest" name="setMaDHTest" time="0.003"/>
  <system-out/>
  <testcase classname="ShopQuanLyAoQuan.entity.test.DonHangChiTietTest" name="getTotalPriceTest" time="0.001"/>
  <system-out/>
  <testcase classname="ShopQuanLyAoQuan.entity.test.DonHangChiTietTest" name="setSoLuongTestWithZero" time="0.001"/>
  <system-out/>
  <testcase classname="ShopQuanLyAoQuan.entity.test.DonHangChiTietTest" name="setSoLuongTestWithValid" time="0.000"/>
  <system-out/>
</testsuite> <!-- ShopQuanLyAoQuan.entity.test.DonHangChiTietTest -->
